This is pdfTeX, Version 3.14159265-2.6-1.40.16 (TeX Live 2015/Debian) (preloaded format=pdflatex 2018.9.19)  26 SEP 2018 18:48
entering extended mode
 restricted \write18 enabled.
 %&-line parsing enabled.
**Relzione.tex
(./Relzione.tex
LaTeX2e <2016/02/01>
Babel <3.9q> and hyphenation patterns for 81 language(s) loaded.
(/usr/share/texlive/texmf-dist/tex/latex/base/article.cls
Document Class: article 2014/09/29 v1.4h Standard LaTeX document class
(/usr/share/texlive/texmf-dist/tex/latex/base/size12.clo
File: size12.clo 2014/09/29 v1.4h Standard LaTeX file (size option)
)
\c@part=\count79
\c@section=\count80
\c@subsection=\count81
\c@subsubsection=\count82
\c@paragraph=\count83
\c@subparagraph=\count84
\c@figure=\count85
\c@table=\count86
\abovecaptionskip=\skip41
\belowcaptionskip=\skip42
\bibindent=\dimen102
)
(/usr/share/texlive/texmf-dist/tex/latex/amsmath/amsmath.sty
Package: amsmath 2016/03/03 v2.15a AMS math features
\@mathmargin=\skip43

For additional information on amsmath, use the `?' option.
(/usr/share/texlive/texmf-dist/tex/latex/amsmath/amstext.sty
Package: amstext 2000/06/29 v2.01 AMS text

(/usr/share/texlive/texmf-dist/tex/latex/amsmath/amsgen.sty
File: amsgen.sty 1999/11/30 v2.0 generic functions
\@emptytoks=\toks14
\ex@=\dimen103
))
(/usr/share/texlive/texmf-dist/tex/latex/amsmath/amsbsy.sty
Package: amsbsy 1999/11/29 v1.2d Bold Symbols
\pmbraise@=\dimen104
)
(/usr/share/texlive/texmf-dist/tex/latex/amsmath/amsopn.sty
Package: amsopn 1999/12/14 v2.01 operator names
)
\inf@bad=\count87
LaTeX Info: Redefining \frac on input line 199.
\uproot@=\count88
\leftroot@=\count89
LaTeX Info: Redefining \overline on input line 297.
\classnum@=\count90
\DOTSCASE@=\count91
LaTeX Info: Redefining \ldots on input line 394.
LaTeX Info: Redefining \dots on input line 397.
LaTeX Info: Redefining \cdots on input line 518.
\Mathstrutbox@=\box26
\strutbox@=\box27
\big@size=\dimen105
LaTeX Font Info:    Redeclaring font encoding OML on input line 630.
LaTeX Font Info:    Redeclaring font encoding OMS on input line 631.
\macc@depth=\count92
\c@MaxMatrixCols=\count93
\dotsspace@=\muskip10
\c@parentequation=\count94
\dspbrk@lvl=\count95
\tag@help=\toks15
\row@=\count96
\column@=\count97
\maxfields@=\count98
\andhelp@=\toks16
\eqnshift@=\dimen106
\alignsep@=\dimen107
\tagshift@=\dimen108
\tagwidth@=\dimen109
\totwidth@=\dimen110
\lineht@=\dimen111
\@envbody=\toks17
\multlinegap=\skip44
\multlinetaggap=\skip45
\mathdisplay@stack=\toks18
LaTeX Info: Redefining \[ on input line 2735.
LaTeX Info: Redefining \] on input line 2736.
)
(/usr/share/texlive/texmf-dist/tex/latex/base/inputenc.sty
Package: inputenc 2015/03/17 v1.2c Input encoding file
\inpenc@prehook=\toks19
\inpenc@posthook=\toks20

(/usr/share/texlive/texmf-dist/tex/latex/ucs/utf8x.def
File: utf8x.def 2004/10/17 UCS: Input encoding UTF-8
))
(/usr/share/texlive/texmf-dist/tex/latex/ucs/ucs.sty
Package: ucs 2013/05/11 v2.2 UCS: Unicode input support

(/usr/share/texlive/texmf-dist/tex/latex/ucs/data/uni-global.def
File: uni-global.def 2013/05/13 UCS: Unicode global data
)
\uc@secondtry=\count99
\uc@combtoks=\toks21
\uc@combtoksb=\toks22
\uc@temptokena=\toks23
)
(/usr/share/texlive/texmf-dist/tex/latex/geometry/geometry.sty
Package: geometry 2010/09/12 v5.6 Page Geometry

(/usr/share/texlive/texmf-dist/tex/latex/graphics/keyval.sty
Package: keyval 2014/10/28 v1.15 key=value parser (DPC)
\KV@toks@=\toks24
)
(/usr/share/texlive/texmf-dist/tex/generic/oberdiek/ifpdf.sty
Package: ifpdf 2011/01/30 v2.3 Provides the ifpdf switch (HO)
Package ifpdf Info: pdfTeX in PDF mode is detected.
)
(/usr/share/texlive/texmf-dist/tex/generic/oberdiek/ifvtex.sty
Package: ifvtex 2010/03/01 v1.5 Detect VTeX and its facilities (HO)
Package ifvtex Info: VTeX not detected.
)
(/usr/share/texlive/texmf-dist/tex/generic/ifxetex/ifxetex.sty
Package: ifxetex 2010/09/12 v0.6 Provides ifxetex conditional
)
\Gm@cnth=\count100
\Gm@cntv=\count101
\c@Gm@tempcnt=\count102
\Gm@bindingoffset=\dimen112
\Gm@wd@mp=\dimen113
\Gm@odd@mp=\dimen114
\Gm@even@mp=\dimen115
\Gm@layoutwidth=\dimen116
\Gm@layoutheight=\dimen117
\Gm@layouthoffset=\dimen118
\Gm@layoutvoffset=\dimen119
\Gm@dimlist=\toks25
)
(/usr/share/texlive/texmf-dist/tex/latex/graphics/graphicx.sty
Package: graphicx 2014/10/28 v1.0g Enhanced LaTeX Graphics (DPC,SPQR)

(/usr/share/texlive/texmf-dist/tex/latex/graphics/graphics.sty
Package: graphics 2016/01/03 v1.0q Standard LaTeX Graphics (DPC,SPQR)

(/usr/share/texlive/texmf-dist/tex/latex/graphics/trig.sty
Package: trig 2016/01/03 v1.10 sin cos tan (DPC)
)
(/usr/share/texlive/texmf-dist/tex/latex/latexconfig/graphics.cfg
File: graphics.cfg 2010/04/23 v1.9 graphics configuration of TeX Live
)
Package graphics Info: Driver file: pdftex.def on input line 95.

(/usr/share/texlive/texmf-dist/tex/latex/pdftex-def/pdftex.def
File: pdftex.def 2011/05/27 v0.06d Graphics/color for pdfTeX

(/usr/share/texlive/texmf-dist/tex/generic/oberdiek/infwarerr.sty
Package: infwarerr 2010/04/08 v1.3 Providing info/warning/error messages (HO)
)
(/usr/share/texlive/texmf-dist/tex/generic/oberdiek/ltxcmds.sty
Package: ltxcmds 2011/11/09 v1.22 LaTeX kernel commands for general use (HO)
)
\Gread@gobject=\count103
))
\Gin@req@height=\dimen120
\Gin@req@width=\dimen121
)
(/usr/share/texlive/texmf-dist/tex/latex/float/float.sty
Package: float 2001/11/08 v1.3d Float enhancements (AL)
\c@float@type=\count104
\float@exts=\toks26
\float@box=\box28
\@float@everytoks=\toks27
\@floatcapt=\box29
)
(/usr/share/texlive/texmf-dist/tex/latex/wrapfig/wrapfig.sty
\wrapoverhang=\dimen122
\WF@size=\dimen123
\c@WF@wrappedlines=\count105
\WF@box=\box30
\WF@everypar=\toks28
Package: wrapfig 2003/01/31  v 3.6
)
(/usr/share/texlive/texmf-dist/tex/latex/lipsum/lipsum.sty
Package: lipsum 2014/07/27 v1.3 150 paragraphs of Lorem Ipsum dummy text
\c@lips@count=\count106
)
(/usr/share/texlive/texmf-dist/tex/latex/hyperref/hyperref.sty
Package: hyperref 2012/11/06 v6.83m Hypertext links for LaTeX

(/usr/share/texlive/texmf-dist/tex/generic/oberdiek/hobsub-hyperref.sty
Package: hobsub-hyperref 2012/05/28 v1.13 Bundle oberdiek, subset hyperref (HO)


(/usr/share/texlive/texmf-dist/tex/generic/oberdiek/hobsub-generic.sty
Package: hobsub-generic 2012/05/28 v1.13 Bundle oberdiek, subset generic (HO)
Package: hobsub 2012/05/28 v1.13 Construct package bundles (HO)
Package hobsub Info: Skipping package `infwarerr' (already loaded).
Package hobsub Info: Skipping package `ltxcmds' (already loaded).
Package: ifluatex 2010/03/01 v1.3 Provides the ifluatex switch (HO)
Package ifluatex Info: LuaTeX not detected.
Package hobsub Info: Skipping package `ifvtex' (already loaded).
Package: intcalc 2007/09/27 v1.1 Expandable calculations with integers (HO)
Package hobsub Info: Skipping package `ifpdf' (already loaded).
Package: etexcmds 2011/02/16 v1.5 Avoid name clashes with e-TeX commands (HO)
Package etexcmds Info: Could not find \expanded.
(etexcmds)             That can mean that you are not using pdfTeX 1.50 or
(etexcmds)             that some package has redefined \expanded.
(etexcmds)             In the latter case, load this package earlier.
Package: kvsetkeys 2012/04/25 v1.16 Key value parser (HO)
Package: kvdefinekeys 2011/04/07 v1.3 Define keys (HO)
Package: pdftexcmds 2011/11/29 v0.20 Utility functions of pdfTeX for LuaTeX (HO
)
Package pdftexcmds Info: LuaTeX not detected.
Package pdftexcmds Info: \pdf@primitive is available.
Package pdftexcmds Info: \pdf@ifprimitive is available.
Package pdftexcmds Info: \pdfdraftmode found.
Package: pdfescape 2011/11/25 v1.13 Implements pdfTeX's escape features (HO)
Package: bigintcalc 2012/04/08 v1.3 Expandable calculations on big integers (HO
)
Package: bitset 2011/01/30 v1.1 Handle bit-vector datatype (HO)
Package: uniquecounter 2011/01/30 v1.2 Provide unlimited unique counter (HO)
)
Package hobsub Info: Skipping package `hobsub' (already loaded).
Package: letltxmacro 2010/09/02 v1.4 Let assignment for LaTeX macros (HO)
Package: hopatch 2012/05/28 v1.2 Wrapper for package hooks (HO)
Package: xcolor-patch 2011/01/30 xcolor patch
Package: atveryend 2011/06/30 v1.8 Hooks at the very end of document (HO)
Package atveryend Info: \enddocument detected (standard20110627).
Package: atbegshi 2011/10/05 v1.16 At begin shipout hook (HO)
Package: refcount 2011/10/16 v3.4 Data extraction from label references (HO)
Package: hycolor 2011/01/30 v1.7 Color options for hyperref/bookmark (HO)
)
(/usr/share/texlive/texmf-dist/tex/latex/oberdiek/auxhook.sty
Package: auxhook 2011/03/04 v1.3 Hooks for auxiliary files (HO)
)
(/usr/share/texlive/texmf-dist/tex/latex/oberdiek/kvoptions.sty
Package: kvoptions 2011/06/30 v3.11 Key value format for package options (HO)
)
\@linkdim=\dimen124
\Hy@linkcounter=\count107
\Hy@pagecounter=\count108

(/usr/share/texlive/texmf-dist/tex/latex/hyperref/pd1enc.def
File: pd1enc.def 2012/11/06 v6.83m Hyperref: PDFDocEncoding definition (HO)
)
\Hy@SavedSpaceFactor=\count109

(/usr/share/texlive/texmf-dist/tex/latex/latexconfig/hyperref.cfg
File: hyperref.cfg 2002/06/06 v1.2 hyperref configuration of TeXLive
)
Package hyperref Info: Hyper figures OFF on input line 4443.
Package hyperref Info: Link nesting OFF on input line 4448.
Package hyperref Info: Hyper index ON on input line 4451.
Package hyperref Info: Plain pages OFF on input line 4458.
Package hyperref Info: Backreferencing OFF on input line 4463.
Package hyperref Info: Implicit mode ON; LaTeX internals redefined.
Package hyperref Info: Bookmarks ON on input line 4688.
\c@Hy@tempcnt=\count110

(/usr/share/texlive/texmf-dist/tex/latex/url/url.sty
\Urlmuskip=\muskip11
Package: url 2013/09/16  ver 3.4  Verb mode for urls, etc.
)
LaTeX Info: Redefining \url on input line 5041.
\XeTeXLinkMargin=\dimen125
\Fld@menulength=\count111
\Field@Width=\dimen126
\Fld@charsize=\dimen127
Package hyperref Info: Hyper figures OFF on input line 6295.
Package hyperref Info: Link nesting OFF on input line 6300.
Package hyperref Info: Hyper index ON on input line 6303.
Package hyperref Info: backreferencing OFF on input line 6310.
Package hyperref Info: Link coloring OFF on input line 6315.
Package hyperref Info: Link coloring with OCG OFF on input line 6320.
Package hyperref Info: PDF/A mode OFF on input line 6325.
LaTeX Info: Redefining \ref on input line 6365.
LaTeX Info: Redefining \pageref on input line 6369.
\Hy@abspage=\count112
\c@Item=\count113
\c@Hfootnote=\count114
)

Package hyperref Message: Driver (autodetected): hpdftex.

(/usr/share/texlive/texmf-dist/tex/latex/hyperref/hpdftex.def
File: hpdftex.def 2012/11/06 v6.83m Hyperref driver for pdfTeX
\Fld@listcount=\count115
\c@bookmark@seq@number=\count116

(/usr/share/texlive/texmf-dist/tex/latex/oberdiek/rerunfilecheck.sty
Package: rerunfilecheck 2011/04/15 v1.7 Rerun checks for auxiliary files (HO)
Package uniquecounter Info: New unique counter `rerunfilecheck' on input line 2
82.
)
\Hy@SectionHShift=\skip46
)
(/usr/share/texlive/texmf-dist/tex/latex/caption/caption.sty
Package: caption 2016/02/21 v3.3-144 Customizing captions (AR)

(/usr/share/texlive/texmf-dist/tex/latex/caption/caption3.sty
Package: caption3 2016/02/04 v1.7-139 caption3 kernel (AR)
Package caption3 Info: TeX engine: e-TeX on input line 67.
\captionmargin=\dimen128
\captionmargin@=\dimen129
\captionwidth=\dimen130
\caption@tempdima=\dimen131
\caption@indent=\dimen132
\caption@parindent=\dimen133
\caption@hangindent=\dimen134
)
\c@ContinuedFloat=\count117
Package caption Info: float package is loaded.
Package caption Info: hyperref package is loaded.
Package caption Info: wrapfig package is loaded.
)
(/usr/share/texlive/texmf-dist/tex/latex/caption/subcaption.sty
Package: subcaption 2016/02/20 v1.1-142 Sub-captions (AR)
\c@subfigure=\count118
\c@subtable=\count119
)
(/usr/share/texlive/texmf-dist/tex/latex/units/nicefrac.sty
Package: nicefrac 1998/08/04 v0.9b Nice fractions
\L@UnitsRaiseDisplaystyle=\skip47
\L@UnitsRaiseTextstyle=\skip48
\L@UnitsRaiseScriptstyle=\skip49

(/usr/share/texlive/texmf-dist/tex/latex/base/ifthen.sty
Package: ifthen 2014/09/29 v1.1c Standard LaTeX ifthen package (DPC)
))
(/usr/share/texlive/texmf-dist/tex/latex/listings/listings.sty
\lst@mode=\count120
\lst@gtempboxa=\box31
\lst@token=\toks29
\lst@length=\count121
\lst@currlwidth=\dimen135
\lst@column=\count122
\lst@pos=\count123
\lst@lostspace=\dimen136
\lst@width=\dimen137
\lst@newlines=\count124
\lst@lineno=\count125
\lst@maxwidth=\dimen138

(/usr/share/texlive/texmf-dist/tex/latex/listings/lstmisc.sty
File: lstmisc.sty 2015/06/04 1.6 (Carsten Heinz)
\c@lstnumber=\count126
\lst@skipnumbers=\count127
\lst@framebox=\box32
)
(/usr/share/texlive/texmf-dist/tex/latex/listings/listings.cfg
File: listings.cfg 2015/06/04 1.6 listings configuration
))
Package: listings 2015/06/04 1.6 (Carsten Heinz)

(/usr/share/texlive/texmf-dist/tex/latex/booktabs/booktabs.sty
Package: booktabs 2005/04/14 v1.61803 publication quality tables
\heavyrulewidth=\dimen139
\lightrulewidth=\dimen140
\cmidrulewidth=\dimen141
\belowrulesep=\dimen142
\belowbottomsep=\dimen143
\aboverulesep=\dimen144
\abovetopsep=\dimen145
\cmidrulesep=\dimen146
\cmidrulekern=\dimen147
\defaultaddspace=\dimen148
\@cmidla=\count128
\@cmidlb=\count129
\@aboverulesep=\dimen149
\@belowrulesep=\dimen150
\@thisruleclass=\count130
\@lastruleclass=\count131
\@thisrulewidth=\dimen151
)
(/usr/share/texlive/texmf-dist/tex/latex/amsfonts/amssymb.sty
Package: amssymb 2013/01/14 v3.01 AMS font symbols

(/usr/share/texlive/texmf-dist/tex/latex/amsfonts/amsfonts.sty
Package: amsfonts 2013/01/14 v3.01 Basic AMSFonts support
\symAMSa=\mathgroup4
\symAMSb=\mathgroup5
LaTeX Font Info:    Overwriting math alphabet `\mathfrak' in version `bold'
(Font)                  U/euf/m/n --> U/euf/b/n on input line 106.
))
(/usr/share/texlive/texmf-dist/tex/latex/tools/longtable.sty
Package: longtable 2014/10/28 v4.11 Multi-page Table package (DPC)
\LTleft=\skip50
\LTright=\skip51
\LTpre=\skip52
\LTpost=\skip53
\LTchunksize=\count132
\LTcapwidth=\dimen152
\LT@head=\box33
\LT@firsthead=\box34
\LT@foot=\box35
\LT@lastfoot=\box36
\LT@cols=\count133
\LT@rows=\count134
\c@LT@tables=\count135
\c@LT@chunks=\count136
\LT@p@ftn=\toks30
) (./Relzione.aux)
\openout1 = `Relzione.aux'.

LaTeX Font Info:    Checking defaults for OML/cmm/m/it on input line 33.
LaTeX Font Info:    ... okay on input line 33.
LaTeX Font Info:    Checking defaults for T1/cmr/m/n on input line 33.
LaTeX Font Info:    ... okay on input line 33.
LaTeX Font Info:    Checking defaults for OT1/cmr/m/n on input line 33.
LaTeX Font Info:    ... okay on input line 33.
LaTeX Font Info:    Checking defaults for OMS/cmsy/m/n on input line 33.
LaTeX Font Info:    ... okay on input line 33.
LaTeX Font Info:    Checking defaults for OMX/cmex/m/n on input line 33.
LaTeX Font Info:    ... okay on input line 33.
LaTeX Font Info:    Checking defaults for U/cmr/m/n on input line 33.
LaTeX Font Info:    ... okay on input line 33.
LaTeX Font Info:    Checking defaults for PD1/pdf/m/n on input line 33.
LaTeX Font Info:    ... okay on input line 33.

(/usr/share/texlive/texmf-dist/tex/latex/ucs/ucsencs.def
File: ucsencs.def 2011/01/21 Fixes to fontencodings LGR, T3
)
*geometry* driver: auto-detecting
*geometry* detected driver: pdftex
*geometry* verbose mode - [ preamble ] result:
* driver: pdftex
* paper: a4paper
* layout: <same size as paper>
* layoutoffset:(h,v)=(0.0pt,0.0pt)
* modes: 
* h-part:(L,W,R)=(89.62709pt, 418.25368pt, 89.6271pt)
* v-part:(T,H,B)=(101.40665pt, 591.5302pt, 152.11pt)
* \paperwidth=597.50787pt
* \paperheight=845.04684pt
* \textwidth=418.25368pt
* \textheight=591.5302pt
* \oddsidemargin=17.3571pt
* \evensidemargin=17.3571pt
* \topmargin=-7.86334pt
* \headheight=12.0pt
* \headsep=25.0pt
* \topskip=12.0pt
* \footskip=30.0pt
* \marginparwidth=44.0pt
* \marginparsep=10.0pt
* \columnsep=10.0pt
* \skip\footins=10.8pt plus 4.0pt minus 2.0pt
* \hoffset=0.0pt
* \voffset=0.0pt
* \mag=1000
* \@twocolumnfalse
* \@twosidefalse
* \@mparswitchfalse
* \@reversemarginfalse
* (1in=72.27pt=25.4mm, 1cm=28.453pt)

(/usr/share/texlive/texmf-dist/tex/context/base/supp-pdf.mkii
[Loading MPS to PDF converter (version 2006.09.02).]
\scratchcounter=\count137
\scratchdimen=\dimen153
\scratchbox=\box37
\nofMPsegments=\count138
\nofMParguments=\count139
\everyMPshowfont=\toks31
\MPscratchCnt=\count140
\MPscratchDim=\dimen154
\MPnumerator=\count141
\makeMPintoPDFobject=\count142
\everyMPtoPDFconversion=\toks32
) (/usr/share/texlive/texmf-dist/tex/latex/oberdiek/epstopdf-base.sty
Package: epstopdf-base 2010/02/09 v2.5 Base part for package epstopdf

(/usr/share/texlive/texmf-dist/tex/latex/oberdiek/grfext.sty
Package: grfext 2010/08/19 v1.1 Manage graphics extensions (HO)
)
Package grfext Info: Graphics extension search list:
(grfext)             [.png,.pdf,.jpg,.mps,.jpeg,.jbig2,.jb2,.PNG,.PDF,.JPG,.JPE
G,.JBIG2,.JB2,.eps]
(grfext)             \AppendGraphicsExtensions on input line 452.

(/usr/share/texlive/texmf-dist/tex/latex/latexconfig/epstopdf-sys.cfg
File: epstopdf-sys.cfg 2010/07/13 v1.3 Configuration of (r)epstopdf for TeX Liv
e
))
\AtBeginShipoutBox=\box38
Package hyperref Info: Link coloring OFF on input line 33.

(/usr/share/texlive/texmf-dist/tex/latex/hyperref/nameref.sty
Package: nameref 2012/10/27 v2.43 Cross-referencing by name of section

(/usr/share/texlive/texmf-dist/tex/generic/oberdiek/gettitlestring.sty
Package: gettitlestring 2010/12/03 v1.4 Cleanup title references (HO)
)
\c@section@level=\count143
)
LaTeX Info: Redefining \ref on input line 33.
LaTeX Info: Redefining \pageref on input line 33.
LaTeX Info: Redefining \nameref on input line 33.

(./Relzione.out) (./Relzione.out)
\@outlinefile=\write3
\openout3 = `Relzione.out'.

Package caption Info: Begin \AtBeginDocument code.
Package caption Info: listings package is loaded.
Package caption Info: longtable package is loaded.

(/usr/share/texlive/texmf-dist/tex/latex/caption/ltcaption.sty
Package: ltcaption 2013/06/09 v1.4-94 longtable captions (AR)
)
Package caption Info: End \AtBeginDocument code.
\c@lstlisting=\count144

<Pictures/Logo_Poli.JPG, id=84, 206.27063pt x 204.765pt>
File: Pictures/Logo_Poli.JPG Graphic file (type jpg)

<use Pictures/Logo_Poli.JPG>
Package pdftex.def Info: Pictures/Logo_Poli.JPG used on input line 56.
(pdftex.def)             Requested size: 209.12683pt x 207.6046pt.
LaTeX Font Info:    Try loading font information for U+msa on input line 65.

(/usr/share/texlive/texmf-dist/tex/latex/amsfonts/umsa.fd
File: umsa.fd 2013/01/14 v3.01 AMS symbols A
)
LaTeX Font Info:    Try loading font information for U+msb on input line 65.

(/usr/share/texlive/texmf-dist/tex/latex/amsfonts/umsb.fd
File: umsb.fd 2013/01/14 v3.01 AMS symbols B
) [1

{/var/lib/texmf/fonts/map/pdftex/updmap/pdftex.map} <./Pictures/Logo_Poli.JPG>]
 (./Relzione.toc)
\tf@toc=\write4
\openout4 = `Relzione.toc'.

pdfTeX warning (ext4): destination with the same identifier (name{page.1}) has 
been already used, duplicate ignored
<to be read again> 
                   \relax 
l.87 \newpage
              % Begins the essay on a new page instead of on the same page a...
[1] [2]
LaTeX Font Info:    Try loading font information for OMS+cmr on input line 102.

 (/usr/share/texlive/texmf-dist/tex/latex/base/omscmr.fd
File: omscmr.fd 2014/09/29 v2.5h Standard LaTeX font definitions
)
LaTeX Font Info:    Font shape `OMS/cmr/m/n' in size <12> not available
(Font)              Font shape `OMS/cmsy/m/n' tried instead on input line 102.

<Pictures/10.png, id=125, 642.14906pt x 243.91125pt>
File: Pictures/10.png Graphic file (type png)
 <use Pictures/10.png>
Package pdftex.def Info: Pictures/10.png used on input line 108.
(pdftex.def)             Requested size: 418.25368pt x 158.87166pt.

[3 <./Pictures/10.png>] <Pictures/nomi.png, id=134, 802.49812pt x 293.59688pt>
File: Pictures/nomi.png Graphic file (type png)

<use Pictures/nomi.png>
Package pdftex.def Info: Pictures/nomi.png used on input line 136.
(pdftex.def)             Requested size: 418.25368pt x 153.02068pt.
 [4]
(/usr/share/texlive/texmf-dist/tex/latex/ucs/data/uni-32.def
File: uni-32.def 2013/05/13 UCS: Unicode data U+2000..U+20FF
)
Underfull \hbox (badness 10000) in paragraph at lines 139--142

 []

<Pictures/est.png, id=139, 667.74469pt x 383.93437pt>
File: Pictures/est.png Graphic file (type png)
 <use Pictures/est.png>
Package pdftex.def Info: Pictures/est.png used on input line 144.
(pdftex.def)             Requested size: 418.25368pt x 240.4915pt.

Underfull \hbox (badness 10000) in paragraph at lines 147--148

 []

[5 <./Pictures/nomi.png> <./Pictures/est.png>]
<Pictures/model2.png, id=149, 737.00343pt x 379.4175pt>
File: Pictures/model2.png Graphic file (type png)

<use Pictures/model2.png>
Package pdftex.def Info: Pictures/model2.png used on input line 156.
(pdftex.def)             Requested size: 460.08159pt x 236.85167pt.

Overfull \hbox (41.82791pt too wide) in paragraph at lines 156--157
 [] 
 []

<Pictures/model.png, id=150, 383.93437pt x 67.0003pt>
File: Pictures/model.png Graphic file (type png)
 <use Pictures/model.png>
Package pdftex.def Info: Pictures/model.png used on input line 162.
(pdftex.def)             Requested size: 418.25368pt x 72.9941pt.

[6 <./Pictures/model2.png> <./Pictures/model.png>]
Overfull \hbox (30.45737pt too wide) in paragraph at lines 167--167
[]\OT1/cmr/bx/n/14.4 Visualization of high-dimensional data in a low-dimensiona
l
 []


Underfull \hbox (badness 10000) in paragraph at lines 175--176

 []


Underfull \hbox (badness 10000) in paragraph at lines 178--179

 []

<Pictures/VGG16_TSNE.png, id=161, 462.528pt x 346.896pt>
File: Pictures/VGG16_TSNE.png Graphic file (type png)

<use Pictures/VGG16_TSNE.png>
Package pdftex.def Info: Pictures/VGG16_TSNE.png used on input line 182.
(pdftex.def)             Requested size: 209.12683pt x 156.84808pt.

<Pictures/VGG19_TSNE.png, id=162, 462.528pt x 346.896pt>
File: Pictures/VGG19_TSNE.png Graphic file (type png)

<use Pictures/VGG19_TSNE.png>
Package pdftex.def Info: Pictures/VGG19_TSNE.png used on input line 187.
(pdftex.def)             Requested size: 209.12683pt x 156.84808pt.

Overfull \hbox (20.23589pt too wide) in paragraph at lines 180--190
[]$[]$ $[]$ 
 []

<Pictures/MobileNet_TSNE.png, id=163, 462.528pt x 346.896pt>
File: Pictures/MobileNet_TSNE.png Graphic file (type png)

<use Pictures/MobileNet_TSNE.png>
Package pdftex.def Info: Pictures/MobileNet_TSNE.png used on input line 193.
(pdftex.def)             Requested size: 209.12683pt x 156.84808pt.

<Pictures/DenseNet_TSNE.png, id=164, 462.528pt x 346.896pt>
File: Pictures/DenseNet_TSNE.png Graphic file (type png)

<use Pictures/DenseNet_TSNE.png>
Package pdftex.def Info: Pictures/DenseNet_TSNE.png used on input line 198.
(pdftex.def)             Requested size: 209.12683pt x 156.84808pt.

Overfull \hbox (20.23589pt too wide) in paragraph at lines 191--201
[]$[]$ $[]$ 
 []

[7 <./Pictures/VGG16_TSNE.png> <./Pictures/VGG19_TSNE.png>]
<Pictures/Xception_TSNE.png, id=174, 462.528pt x 346.896pt>
File: Pictures/Xception_TSNE.png Graphic file (type png)

<use Pictures/Xception_TSNE.png>
Package pdftex.def Info: Pictures/Xception_TSNE.png used on input line 204.
(pdftex.def)             Requested size: 209.12683pt x 156.84808pt.

<Pictures/ResNet50_TSNE.png, id=175, 481.8pt x 361.35pt>
File: Pictures/ResNet50_TSNE.png Graphic file (type png)

<use Pictures/ResNet50_TSNE.png>
Package pdftex.def Info: Pictures/ResNet50_TSNE.png used on input line 209.
(pdftex.def)             Requested size: 209.12683pt x 156.84413pt.

Overfull \hbox (20.23589pt too wide) in paragraph at lines 202--212
[]$[]$ $[]$ 
 []

<Pictures/NASNet_TSNE.png, id=176, 385.44pt x 289.08pt>
File: Pictures/NASNet_TSNE.png Graphic file (type png)

<use Pictures/NASNet_TSNE.png>
Package pdftex.def Info: Pictures/NASNet_TSNE.png used on input line 214.
(pdftex.def)             Requested size: 209.12683pt x 156.84192pt.

Underfull \hbox (badness 10000) in paragraph at lines 218--219

 []


Underfull \hbox (badness 10000) in paragraph at lines 222--223

 []

[8 <./Pictures/MobileNet_TSNE.png> <./Pictures/DenseNet_TSNE.png> <./Pictures/X
ception_TSNE.png> <./Pictures/ResNet50_TSNE.png> <./Pictures/NASNet_TSNE.png>]
<Pictures/VGG16_PCA.png, id=191, 462.528pt x 346.896pt>
File: Pictures/VGG16_PCA.png Graphic file (type png)

<use Pictures/VGG16_PCA.png>
Package pdftex.def Info: Pictures/VGG16_PCA.png used on input line 226.
(pdftex.def)             Requested size: 209.12683pt x 156.84808pt.

<Pictures/VGG19_PCA.png, id=192, 462.528pt x 346.896pt>
File: Pictures/VGG19_PCA.png Graphic file (type png)

<use Pictures/VGG19_PCA.png>
Package pdftex.def Info: Pictures/VGG19_PCA.png used on input line 231.
(pdftex.def)             Requested size: 209.12683pt x 156.84808pt.

Overfull \hbox (20.23589pt too wide) in paragraph at lines 224--234
[]$[]$ $[]$ 
 []

<Pictures/MobileNet_PCA.png, id=193, 462.528pt x 346.896pt>
File: Pictures/MobileNet_PCA.png Graphic file (type png)

<use Pictures/MobileNet_PCA.png>
Package pdftex.def Info: Pictures/MobileNet_PCA.png used on input line 237.
(pdftex.def)             Requested size: 209.12683pt x 156.84808pt.

<Pictures/DenseNet_PCA.png, id=194, 462.528pt x 346.896pt>
File: Pictures/DenseNet_PCA.png Graphic file (type png)

<use Pictures/DenseNet_PCA.png>
Package pdftex.def Info: Pictures/DenseNet_PCA.png used on input line 242.
(pdftex.def)             Requested size: 209.12683pt x 156.84808pt.

Overfull \hbox (20.23589pt too wide) in paragraph at lines 235--245
[]$[]$ $[]$ 
 []

<Pictures/Xception_PCA.png, id=195, 462.528pt x 346.896pt>
File: Pictures/Xception_PCA.png Graphic file (type png)

<use Pictures/Xception_PCA.png>
Package pdftex.def Info: Pictures/Xception_PCA.png used on input line 248.
(pdftex.def)             Requested size: 209.12683pt x 156.84808pt.

Overfull \hbox (60.51187pt too wide) in paragraph at lines 248--249
 []\OT1/cmr/m/n/12 scikits.learn 
 []

<Pictures/ResNet50_PCA.png, id=196, 481.8pt x 361.35pt>
File: Pictures/ResNet50_PCA.png Graphic file (type png)

<use Pictures/ResNet50_PCA.png>
Package pdftex.def Info: Pictures/ResNet50_PCA.png used on input line 253.
(pdftex.def)             Requested size: 209.12683pt x 156.84413pt.

Overfull \hbox (20.23589pt too wide) in paragraph at lines 246--256
[]$[]$ $[]$ 
 []

<Pictures/NASNet_PCA.png, id=197, 385.44pt x 289.08pt>
File: Pictures/NASNet_PCA.png Graphic file (type png)

<use Pictures/NASNet_PCA.png>
Package pdftex.def Info: Pictures/NASNet_PCA.png used on input line 258.
(pdftex.def)             Requested size: 209.12683pt x 156.84192pt.
 [9 <./Pictures/VGG16_PCA.png> <./Pictures/VGG19_PCA.png> <./Pictures/MobileNet
_PCA.png> <./Pictures/DenseNet_PCA.png> <./Pictures/Xception_PCA.png> <./Pictur
es/ResNet50_PCA.png>]
<Pictures/func.png, id=214, 416.15475pt x 333.04425pt>
File: Pictures/func.png Graphic file (type png)
 <use Pictures/func.png>
Package pdftex.def Info: Pictures/func.png used on input line 267.
(pdftex.def)             Requested size: 292.77629pt x 234.31853pt.

Underfull \hbox (badness 10000) in paragraph at lines 270--272

 []

[10 <./Pictures/NASNet_PCA.png> <./Pictures/func.png>]
<Pictures/VGG16_TSNE-PCA.png, id=223, 462.528pt x 346.896pt>
File: Pictures/VGG16_TSNE-PCA.png Graphic file (type png)

<use Pictures/VGG16_TSNE-PCA.png>
Package pdftex.def Info: Pictures/VGG16_TSNE-PCA.png used on input line 275.
(pdftex.def)             Requested size: 209.12683pt x 156.84808pt.

<Pictures/VGG19_TSNE-PCA.png, id=224, 462.528pt x 346.896pt>
File: Pictures/VGG19_TSNE-PCA.png Graphic file (type png)

<use Pictures/VGG19_TSNE-PCA.png>
Package pdftex.def Info: Pictures/VGG19_TSNE-PCA.png used on input line 280.
(pdftex.def)             Requested size: 209.12683pt x 156.84808pt.

Overfull \hbox (20.23589pt too wide) in paragraph at lines 273--283
[]$[]$ $[]$ 
 []

<Pictures/MobileNet_TSNE-PCA.png, id=225, 462.528pt x 346.896pt>
File: Pictures/MobileNet_TSNE-PCA.png Graphic file (type png)

<use Pictures/MobileNet_TSNE-PCA.png>
Package pdftex.def Info: Pictures/MobileNet_TSNE-PCA.png used on input line 286
.
(pdftex.def)             Requested size: 209.12683pt x 156.84808pt.

<Pictures/DenseNet_TSNE-PCA.png, id=226, 462.528pt x 346.896pt>
File: Pictures/DenseNet_TSNE-PCA.png Graphic file (type png)

<use Pictures/DenseNet_TSNE-PCA.png>
Package pdftex.def Info: Pictures/DenseNet_TSNE-PCA.png used on input line 291.

(pdftex.def)             Requested size: 209.12683pt x 156.84808pt.

Overfull \hbox (20.23589pt too wide) in paragraph at lines 284--294
[]$[]$ $[]$ 
 []

<Pictures/Xception_TSNE-PCA.png, id=227, 462.528pt x 346.896pt>
File: Pictures/Xception_TSNE-PCA.png Graphic file (type png)

<use Pictures/Xception_TSNE-PCA.png>
Package pdftex.def Info: Pictures/Xception_TSNE-PCA.png used on input line 297.

(pdftex.def)             Requested size: 209.12683pt x 156.84808pt.

<Pictures/ResNet50_TSNE-PCA.png, id=228, 481.8pt x 361.35pt>
File: Pictures/ResNet50_TSNE-PCA.png Graphic file (type png)

<use Pictures/ResNet50_TSNE-PCA.png>
Package pdftex.def Info: Pictures/ResNet50_TSNE-PCA.png used on input line 302.

(pdftex.def)             Requested size: 209.12683pt x 156.84413pt.

Overfull \hbox (20.23589pt too wide) in paragraph at lines 295--305
[]$[]$ $[]$ 
 []

<Pictures/NASNet_3.png, id=229, 385.44pt x 289.08pt>
File: Pictures/NASNet_3.png Graphic file (type png)

<use Pictures/NASNet_3.png>
Package pdftex.def Info: Pictures/NASNet_3.png used on input line 307.
(pdftex.def)             Requested size: 209.12683pt x 156.84192pt.
 [11 <./Pictures/VGG16_TSNE-PCA.png> <./Pictures/VGG19_TSNE-PCA.png> <./Picture
s/MobileNet_TSNE-PCA.png> <./Pictures/DenseNet_TSNE-PCA.png> <./Pictures/Xcepti
on_TSNE-PCA.png> <./Pictures/ResNet50_TSNE-PCA.png>] <Pictures/2.png, id=246, 6
06.76688pt x 322.20375pt>
File: Pictures/2.png Graphic file (type png)
 <use Pictures/2.png>
Package pdftex.def Info: Pictures/2.png used on input line 316.
(pdftex.def)             Requested size: 418.25368pt x 222.10449pt.

<Pictures/image.png, id=247, 276.03125pt x 350.30875pt>
File: Pictures/image.png Graphic file (type png)

<use Pictures/image.png>
Package pdftex.def Info: Pictures/image.png used on input line 322.
(pdftex.def)             Requested size: 125.47737pt x 159.24106pt.
 [12 <./Pictures/NASNet_3.png> <./Pictures/2.png>]
<Pictures/int.png, id=257, 509.65407pt x 245.41687pt>
File: Pictures/int.png Graphic file (type png)
 <use Pictures/int.png>
Package pdftex.def Info: Pictures/int.png used on input line 328.
(pdftex.def)             Requested size: 418.25368pt x 201.41164pt.

Underfull \hbox (badness 10000) in paragraph at lines 341--342

 []

[13 <./Pictures/image.png (PNG copy)> <./Pictures/int.png>]
Underfull \hbox (badness 10000) in paragraph at lines 344--345

 []

<Pictures/VGG16_75.png, id=265, 385.44pt x 289.08pt>
File: Pictures/VGG16_75.png Graphic file (type png)

<use Pictures/VGG16_75.png>
Package pdftex.def Info: Pictures/VGG16_75.png used on input line 348.
(pdftex.def)             Requested size: 209.12683pt x 156.84192pt.

<Pictures/VGG19_75.png, id=266, 385.44pt x 289.08pt>
File: Pictures/VGG19_75.png Graphic file (type png)

<use Pictures/VGG19_75.png>
Package pdftex.def Info: Pictures/VGG19_75.png used on input line 353.
(pdftex.def)             Requested size: 209.12683pt x 156.84192pt.

Overfull \hbox (20.23589pt too wide) in paragraph at lines 346--356
[]$[]$ $[]$ 
 []

<Pictures/DenseNet_75.png, id=267, 385.44pt x 289.08pt>
File: Pictures/DenseNet_75.png Graphic file (type png)

<use Pictures/DenseNet_75.png>
Package pdftex.def Info: Pictures/DenseNet_75.png used on input line 359.
(pdftex.def)             Requested size: 209.12683pt x 156.84192pt.

<Pictures/MobileNet_75.png, id=268, 385.44pt x 289.08pt>
File: Pictures/MobileNet_75.png Graphic file (type png)

<use Pictures/MobileNet_75.png>
Package pdftex.def Info: Pictures/MobileNet_75.png used on input line 364.
(pdftex.def)             Requested size: 209.12683pt x 156.84192pt.

Overfull \hbox (20.23589pt too wide) in paragraph at lines 357--367
[]$[]$ $[]$ 
 []

<Pictures/ResNet50_75.png, id=269, 385.44pt x 289.08pt>
File: Pictures/ResNet50_75.png Graphic file (type png)

<use Pictures/ResNet50_75.png>
Package pdftex.def Info: Pictures/ResNet50_75.png used on input line 370.
(pdftex.def)             Requested size: 209.12683pt x 156.84192pt.

<Pictures/Xception_75.png, id=270, 385.44pt x 289.08pt>
File: Pictures/Xception_75.png Graphic file (type png)

<use Pictures/Xception_75.png>
Package pdftex.def Info: Pictures/Xception_75.png used on input line 375.
(pdftex.def)             Requested size: 209.12683pt x 156.84192pt.

Overfull \hbox (20.23589pt too wide) in paragraph at lines 368--378
[]$[]$ $[]$ 
 []

<Pictures/NASNet_75.png, id=271, 385.44pt x 289.08pt>
File: Pictures/NASNet_75.png Graphic file (type png)

<use Pictures/NASNet_75.png>
Package pdftex.def Info: Pictures/NASNet_75.png used on input line 380.
(pdftex.def)             Requested size: 209.12683pt x 156.84192pt.
 [14 <./Pictures/VGG16_75.png> <./Pictures/VGG19_75.png> <./Pictures/DenseNet_7
5.png> <./Pictures/MobileNet_75.png>]
Underfull \hbox (badness 10000) in paragraph at lines 384--385

 []

<Pictures/VGG16_50.png, id=284, 385.44pt x 289.08pt>
File: Pictures/VGG16_50.png Graphic file (type png)

<use Pictures/VGG16_50.png>
Package pdftex.def Info: Pictures/VGG16_50.png used on input line 388.
(pdftex.def)             Requested size: 209.12683pt x 156.84192pt.

<Pictures/VGG19_50.png, id=285, 385.44pt x 289.08pt>
File: Pictures/VGG19_50.png Graphic file (type png)

<use Pictures/VGG19_50.png>
Package pdftex.def Info: Pictures/VGG19_50.png used on input line 393.
(pdftex.def)             Requested size: 209.12683pt x 156.84192pt.

Overfull \hbox (20.23589pt too wide) in paragraph at lines 386--396
[]$[]$ $[]$ 
 []

<Pictures/DenseNet_50.png, id=286, 385.44pt x 289.08pt>
File: Pictures/DenseNet_50.png Graphic file (type png)

<use Pictures/DenseNet_50.png>
Package pdftex.def Info: Pictures/DenseNet_50.png used on input line 399.
(pdftex.def)             Requested size: 209.12683pt x 156.84192pt.

<Pictures/MobileNet_50.png, id=287, 385.44pt x 289.08pt>
File: Pictures/MobileNet_50.png Graphic file (type png)

<use Pictures/MobileNet_50.png>
Package pdftex.def Info: Pictures/MobileNet_50.png used on input line 404.
(pdftex.def)             Requested size: 209.12683pt x 156.84192pt.

Overfull \hbox (20.23589pt too wide) in paragraph at lines 397--407
[]$[]$ $[]$ 
 []

[15 <./Pictures/ResNet50_75.png> <./Pictures/Xception_75.png> <./Pictures/NASNe
t_75.png> <./Pictures/VGG16_50.png> <./Pictures/VGG19_50.png>]
<Pictures/ResNet50_50.png, id=302, 385.44pt x 289.08pt>
File: Pictures/ResNet50_50.png Graphic file (type png)

<use Pictures/ResNet50_50.png>
Package pdftex.def Info: Pictures/ResNet50_50.png used on input line 410.
(pdftex.def)             Requested size: 209.12683pt x 156.84192pt.

<Pictures/Xception_50.png, id=303, 385.44pt x 289.08pt>
File: Pictures/Xception_50.png Graphic file (type png)

<use Pictures/Xception_50.png>
Package pdftex.def Info: Pictures/Xception_50.png used on input line 415.
(pdftex.def)             Requested size: 209.12683pt x 156.84192pt.

Overfull \hbox (20.23589pt too wide) in paragraph at lines 408--418
[]$[]$ $[]$ 
 []

<Pictures/NASNet_50.png, id=304, 385.44pt x 289.08pt>
File: Pictures/NASNet_50.png Graphic file (type png)

<use Pictures/NASNet_50.png>
Package pdftex.def Info: Pictures/NASNet_50.png used on input line 420.
(pdftex.def)             Requested size: 209.12683pt x 156.84192pt.

Underfull \hbox (badness 10000) in paragraph at lines 424--425

 []

<Pictures/VGG16_25.png, id=305, 385.44pt x 289.08pt>
File: Pictures/VGG16_25.png Graphic file (type png)

<use Pictures/VGG16_25.png>
Package pdftex.def Info: Pictures/VGG16_25.png used on input line 428.
(pdftex.def)             Requested size: 209.12683pt x 156.84192pt.

<Pictures/VGG19_25.png, id=306, 385.44pt x 289.08pt>
File: Pictures/VGG19_25.png Graphic file (type png)

<use Pictures/VGG19_25.png>
Package pdftex.def Info: Pictures/VGG19_25.png used on input line 433.
(pdftex.def)             Requested size: 209.12683pt x 156.84192pt.

Overfull \hbox (20.23589pt too wide) in paragraph at lines 426--436
[]$[]$ $[]$ 
 []

[16 <./Pictures/DenseNet_50.png> <./Pictures/MobileNet_50.png> <./Pictures/ResN
et50_50.png> <./Pictures/Xception_50.png> <./Pictures/NASNet_50.png>]
<Pictures/DenseNet_25.png, id=321, 385.44pt x 289.08pt>
File: Pictures/DenseNet_25.png Graphic file (type png)

<use Pictures/DenseNet_25.png>
Package pdftex.def Info: Pictures/DenseNet_25.png used on input line 439.
(pdftex.def)             Requested size: 209.12683pt x 156.84192pt.

<Pictures/MobileNet_25.png, id=322, 385.44pt x 289.08pt>
File: Pictures/MobileNet_25.png Graphic file (type png)

<use Pictures/MobileNet_25.png>
Package pdftex.def Info: Pictures/MobileNet_25.png used on input line 444.
(pdftex.def)             Requested size: 209.12683pt x 156.84192pt.

Overfull \hbox (20.23589pt too wide) in paragraph at lines 437--447
[]$[]$ $[]$ 
 []

<Pictures/ResNet50_25.png, id=323, 385.44pt x 289.08pt>
File: Pictures/ResNet50_25.png Graphic file (type png)

<use Pictures/ResNet50_25.png>
Package pdftex.def Info: Pictures/ResNet50_25.png used on input line 450.
(pdftex.def)             Requested size: 209.12683pt x 156.84192pt.

<Pictures/Xception_25.png, id=324, 385.44pt x 289.08pt>
File: Pictures/Xception_25.png Graphic file (type png)

<use Pictures/Xception_25.png>
Package pdftex.def Info: Pictures/Xception_25.png used on input line 455.
(pdftex.def)             Requested size: 209.12683pt x 156.84192pt.

Overfull \hbox (20.23589pt too wide) in paragraph at lines 448--458
[]$[]$ $[]$ 
 []

<Pictures/NASNet_25.png, id=325, 385.44pt x 289.08pt>
File: Pictures/NASNet_25.png Graphic file (type png)

<use Pictures/NASNet_25.png>
Package pdftex.def Info: Pictures/NASNet_25.png used on input line 460.
(pdftex.def)             Requested size: 209.12683pt x 156.84192pt.
 [17 <./Pictures/VGG16_25.png> <./Pictures/VGG19_25.png> <./Pictures/DenseNet_2
5.png> <./Pictures/MobileNet_25.png> <./Pictures/ResNet50_25.png> <./Pictures/X
ception_25.png>] [18 <./Pictures/NASNet_25.png>]
<Pictures/knn.png, id=349, 350.05782pt x 299.61937pt>
File: Pictures/knn.png Graphic file (type png)
 <use Pictures/knn.png>
Package pdftex.def Info: Pictures/knn.png used on input line 478.
(pdftex.def)             Requested size: 334.60422pt x 286.41064pt.

Underfull \hbox (badness 10000) in paragraph at lines 475--479

 []

<Pictures/datas.png, id=350, 431.211pt x 315.579pt>
File: Pictures/datas.png Graphic file (type png)
 <use Pictures/datas.png>
Package pdftex.def Info: Pictures/datas.png used on input line 484.
(pdftex.def)             Requested size: 334.60422pt x 244.88899pt.

[19 <./Pictures/knn.png>]
Underfull \hbox (badness 10000) in paragraph at lines 486--488

 []


Overfull \hbox (11.83292pt too wide) in paragraph at lines 495--498
\OT1/cmr/m/n/12 data (ref-er-ence []$\OT1/cmtt/m/n/12 https : / / arxiv . org /
 ftp / arxiv / papers / 1409 / 1409 . 0919 . pdf$[]\OT1/cmr/m/n/12 ) but
 []

[20 <./Pictures/datas.png>] <Pictures/svm.png, id=365, 467.346pt x 98.16675pt>
File: Pictures/svm.png Graphic file (type png)

<use Pictures/svm.png>
Package pdftex.def Info: Pictures/svm.png used on input line 510.
(pdftex.def)             Requested size: 418.25368pt x 87.85493pt.
 [21 <./Pictures/svm.png>]
Underfull \hbox (badness 10000) in paragraph at lines 517--519

 []


Underfull \hbox (badness 10000) in paragraph at lines 534--536

 []


Overfull \hbox (2.61107pt too wide) in paragraph at lines 539--591
$[]$ $[]$
 []


Overfull \hbox (2.61107pt too wide) in paragraph at lines 539--591
[]$ $[]$ 
 []

[22]
Overfull \hbox (2.61107pt too wide) in paragraph at lines 595--647
$[]$ $[]$
 []


Overfull \hbox (2.61107pt too wide) in paragraph at lines 595--647
[]$ $[]$ 
 []


Overfull \hbox (2.61107pt too wide) in paragraph at lines 651--703
$[]$ $[]$
 []


Overfull \hbox (2.61107pt too wide) in paragraph at lines 651--703
[]$ $[]$ 
 []

[23]
Overfull \hbox (2.61107pt too wide) in paragraph at lines 708--760
$[]$ $[]$
 []


Overfull \hbox (2.61107pt too wide) in paragraph at lines 708--760
[]$ $[]$ 
 []


Overfull \hbox (2.61107pt too wide) in paragraph at lines 765--817
$[]$ $[]$
 []


Overfull \hbox (2.61107pt too wide) in paragraph at lines 765--817
[]$ $[]$ 
 []

[24]
Overfull \hbox (2.61107pt too wide) in paragraph at lines 821--873
$[]$ $[]$
 []


Overfull \hbox (2.61107pt too wide) in paragraph at lines 821--873
[]$ $[]$ 
 []


Overfull \hbox (2.61107pt too wide) in paragraph at lines 877--929
$[]$ $[]$
 []


Overfull \hbox (2.61107pt too wide) in paragraph at lines 877--929
[]$ $[]$ 
 []

[25] [26]
Underfull \hbox (badness 10000) in paragraph at lines 934--936

 []


Overfull \hbox (4.4621pt too wide) in paragraph at lines 980--989
 [] 
 []


Overfull \hbox (2.61107pt too wide) in paragraph at lines 939--991
$[]$ $[]$
 []


Overfull \hbox (2.61107pt too wide) in paragraph at lines 939--991
[]$ $[]$ 
 []


Overfull \hbox (2.61107pt too wide) in paragraph at lines 995--1047
$[]$ $[]$
 []


Overfull \hbox (2.61107pt too wide) in paragraph at lines 995--1047
[]$ $[]$ 
 []

[27]
Overfull \hbox (2.61107pt too wide) in paragraph at lines 1051--1103
$[]$ $[]$
 []


Overfull \hbox (2.61107pt too wide) in paragraph at lines 1051--1103
[]$ $[]$ 
 []


Overfull \hbox (2.61107pt too wide) in paragraph at lines 1107--1159
$[]$ $[]$
 []


Overfull \hbox (2.61107pt too wide) in paragraph at lines 1107--1159
[]$ $[]$ 
 []

[28]
Overfull \hbox (2.61107pt too wide) in paragraph at lines 1163--1215
$[]$ $[]$
 []


Overfull \hbox (2.61107pt too wide) in paragraph at lines 1163--1215
[]$ $[]$ 
 []


Overfull \hbox (2.61107pt too wide) in paragraph at lines 1219--1271
$[]$ $[]$
 []


Overfull \hbox (2.61107pt too wide) in paragraph at lines 1219--1271
[]$ $[]$ 
 []

[29]
Overfull \hbox (2.61107pt too wide) in paragraph at lines 1275--1327
$[]$ $[]$
 []


Overfull \hbox (2.61107pt too wide) in paragraph at lines 1275--1327
[]$ $[]$ 
 []


Overfull \hbox (2.61107pt too wide) in paragraph at lines 1331--1383
$[]$ $[]$
 []


Overfull \hbox (2.61107pt too wide) in paragraph at lines 1331--1383
[]$ $[]$ 
 []

[30]
Overfull \hbox (2.61107pt too wide) in paragraph at lines 1387--1439
$[]$ $[]$
 []


Overfull \hbox (2.61107pt too wide) in paragraph at lines 1387--1439
[]$ $[]$ 
 []


Overfull \hbox (2.61107pt too wide) in paragraph at lines 1443--1495
$[]$ $[]$
 []


Overfull \hbox (2.61107pt too wide) in paragraph at lines 1443--1495
[]$ $[]$ 
 []

[31]
Overfull \hbox (2.61107pt too wide) in paragraph at lines 1499--1551
$[]$ $[]$
 []


Overfull \hbox (2.61107pt too wide) in paragraph at lines 1499--1551
[]$ $[]$ 
 []


Overfull \hbox (2.61107pt too wide) in paragraph at lines 1555--1607
$[]$ $[]$
 []


Overfull \hbox (2.61107pt too wide) in paragraph at lines 1555--1607
[]$ $[]$ 
 []

[32]
Overfull \hbox (2.61107pt too wide) in paragraph at lines 1611--1663
$[]$ $[]$
 []


Overfull \hbox (2.61107pt too wide) in paragraph at lines 1611--1663
[]$ $[]$ 
 []


Overfull \hbox (2.61107pt too wide) in paragraph at lines 1667--1719
$[]$ $[]$
 []


Overfull \hbox (2.61107pt too wide) in paragraph at lines 1667--1719
[]$ $[]$ 
 []

[33] [34] (/usr/share/texlive/texmf-dist/tex/latex/ucs/data/uni-0.def
File: uni-0.def 2013/05/13 UCS: Unicode data U+0000..U+00FF
)
Overfull \hbox (2.61107pt too wide) in paragraph at lines 1737--1769
[]$ $[]$
 []

[35]
Package atveryend Info: Empty hook `BeforeClearDocument' on input line 1781.
 [36]
Package atveryend Info: Empty hook `AfterLastShipout' on input line 1781.
 (./Relzione.aux)
Package atveryend Info: Executing hook `AtVeryEndDocument' on input line 1781.
Package atveryend Info: Executing hook `AtEndAfterFileList' on input line 1781.

Package rerunfilecheck Info: File `Relzione.out' has not changed.
(rerunfilecheck)             Checksum: 8320C16A49E5C1D7350692FA18E3C0AF;1463.
Package atveryend Info: Empty hook `AtVeryVeryEnd' on input line 1781.
 ) 
Here is how much of TeX's memory you used:
 10736 strings out of 493029
 158825 string characters out of 6136234
 358147 words of memory out of 5000000
 13957 multiletter control sequences out of 15000+600000
 13084 words of font info for 48 fonts, out of 8000000 for 9000
 1141 hyphenation exceptions out of 8191
 36i,9n,38p,475b,478s stack positions out of 5000i,500n,10000p,200000b,80000s
</usr/share/texlive/texmf-dist/fonts/type1/public/amsfonts/cm/cmbx10.pfb></us
r/share/texlive/texmf-dist/fonts/type1/public/amsfonts/cm/cmbx12.pfb></usr/shar
e/texlive/texmf-dist/fonts/type1/public/amsfonts/cm/cmcsc10.pfb></usr/share/tex
live/texmf-dist/fonts/type1/public/amsfonts/cm/cmmi12.pfb></usr/share/texlive/t
exmf-dist/fonts/type1/public/amsfonts/cm/cmr10.pfb></usr/share/texlive/texmf-di
st/fonts/type1/public/amsfonts/cm/cmr12.pfb></usr/share/texlive/texmf-dist/font
s/type1/public/amsfonts/cm/cmsy10.pfb></usr/share/texlive/texmf-dist/fonts/type
1/public/amsfonts/cm/cmti12.pfb></usr/share/texlive/texmf-dist/fonts/type1/publ
ic/amsfonts/cm/cmtt12.pfb>
Output written on Relzione.pdf (37 pages, 4480127 bytes).
PDF statistics:
 495 PDF objects out of 1000 (max. 8388607)
 335 compressed objects within 4 object streams
 113 named destinations out of 1000 (max. 500000)
 436 words of extra memory for PDF output out of 10000 (max. 10000000)

